<?xml version="1.0" encoding="UTF-8"?>
<coverage generated="1674433931218" clover="3.2.0">
  <project timestamp="1674433931218" name="All files">
    <metrics statements="83" coveredstatements="83" conditionals="21" coveredconditionals="16" methods="23" coveredmethods="23" elements="127" coveredelements="122" complexity="0" loc="83" ncloc="83" packages="5" files="10" classes="10"/>
    <package name="components.core.skeleton">
      <metrics statements="17" coveredstatements="17" conditionals="4" coveredconditionals="4" methods="4" coveredmethods="4"/>
      <file name="skeleton.component.tsx" path="/Users/localhost/studyspace/moviesapp/src/components/core/skeleton/skeleton.component.tsx">
        <metrics statements="12" coveredstatements="12" conditionals="0" coveredconditionals="0" methods="3" coveredmethods="3"/>
        <line num="11" count="1" type="stmt"/>
        <line num="12" count="4" type="stmt"/>
        <line num="13" count="4" type="stmt"/>
        <line num="16" count="4" type="stmt"/>
        <line num="17" count="4" type="stmt"/>
        <line num="19" count="4" type="stmt"/>
        <line num="22" count="4" type="stmt"/>
        <line num="23" count="4" type="stmt"/>
        <line num="34" count="4" type="stmt"/>
        <line num="36" count="4" type="stmt"/>
        <line num="39" count="4" type="stmt"/>
        <line num="44" count="4" type="stmt"/>
      </file>
      <file name="skeleton.constants.ts" path="/Users/localhost/studyspace/moviesapp/src/components/core/skeleton/skeleton.constants.ts">
        <metrics statements="1" coveredstatements="1" conditionals="0" coveredconditionals="0" methods="0" coveredmethods="0"/>
        <line num="1" count="1" type="stmt"/>
      </file>
      <file name="skeleton.styles.ts" path="/Users/localhost/studyspace/moviesapp/src/components/core/skeleton/skeleton.styles.ts">
        <metrics statements="4" coveredstatements="4" conditionals="4" coveredconditionals="4" methods="1" coveredmethods="1"/>
        <line num="9" count="1" type="stmt"/>
        <line num="11" count="1" type="stmt"/>
        <line num="14" count="4" type="stmt"/>
        <line num="24" count="1" type="stmt"/>
      </file>
    </package>
    <package name="config.theme">
      <metrics statements="22" coveredstatements="22" conditionals="6" coveredconditionals="6" methods="9" coveredmethods="9"/>
      <file name="index.ts" path="/Users/localhost/studyspace/moviesapp/src/config/theme/index.ts">
        <metrics statements="0" coveredstatements="0" conditionals="0" coveredconditionals="0" methods="0" coveredmethods="0"/>
      </file>
      <file name="theme.ts" path="/Users/localhost/studyspace/moviesapp/src/config/theme/theme.ts">
        <metrics statements="1" coveredstatements="1" conditionals="0" coveredconditionals="0" methods="0" coveredmethods="0"/>
        <line num="3" count="2" type="stmt"/>
      </file>
      <file name="theme.utils.ts" path="/Users/localhost/studyspace/moviesapp/src/config/theme/theme.utils.ts">
        <metrics statements="21" coveredstatements="21" conditionals="6" coveredconditionals="6" methods="9" coveredmethods="9"/>
        <line num="12" count="1" type="stmt"/>
        <line num="13" count="1" type="stmt"/>
        <line num="18" count="2" type="stmt"/>
        <line num="19" count="4" type="stmt"/>
        <line num="20" count="4" type="cond" truecount="2" falsecount="0"/>
        <line num="21" count="1" type="stmt"/>
        <line num="27" count="1" type="stmt"/>
        <line num="30" count="3" type="cond" truecount="2" falsecount="0"/>
        <line num="31" count="1" type="stmt"/>
        <line num="32" count="1" type="stmt"/>
        <line num="35" count="2" type="cond" truecount="2" falsecount="0"/>
        <line num="36" count="1" type="stmt"/>
        <line num="37" count="1" type="stmt"/>
        <line num="40" count="1" type="stmt"/>
        <line num="41" count="1" type="stmt"/>
        <line num="45" count="1" type="stmt"/>
        <line num="46" count="1" type="stmt"/>
        <line num="51" count="9" type="stmt"/>
        <line num="52" count="9" type="stmt"/>
        <line num="54" count="18" type="stmt"/>
        <line num="56" count="9" type="stmt"/>
      </file>
    </package>
    <package name="hooks.use-paginated-request">
      <metrics statements="28" coveredstatements="28" conditionals="11" coveredconditionals="6" methods="6" coveredmethods="6"/>
      <file name="use-paginated-request.hook.ts" path="/Users/localhost/studyspace/moviesapp/src/hooks/use-paginated-request/use-paginated-request.hook.ts">
        <metrics statements="28" coveredstatements="28" conditionals="11" coveredconditionals="6" methods="6" coveredmethods="6"/>
        <line num="9" count="1" type="stmt"/>
        <line num="10" count="25" type="stmt"/>
        <line num="11" count="25" type="stmt"/>
        <line num="12" count="25" type="stmt"/>
        <line num="14" count="25" type="stmt"/>
        <line num="16" count="25" type="cond" truecount="0" falsecount="1"/>
        <line num="17" count="6" type="cond" truecount="2" falsecount="0"/>
        <line num="19" count="6" type="stmt"/>
        <line num="20" count="6" type="stmt"/>
        <line num="21" count="6" type="stmt"/>
        <line num="23" count="5" type="stmt"/>
        <line num="24" count="5" type="stmt"/>
        <line num="26" count="1" type="cond" truecount="1" falsecount="1"/>
        <line num="27" count="1" type="stmt"/>
        <line num="29" count="6" type="stmt"/>
        <line num="33" count="25" type="stmt"/>
        <line num="34" count="2" type="cond" truecount="1" falsecount="1"/>
        <line num="36" count="2" type="stmt"/>
        <line num="37" count="2" type="stmt"/>
        <line num="38" count="2" type="stmt"/>
        <line num="39" count="1" type="stmt"/>
        <line num="41" count="1" type="cond" truecount="1" falsecount="1"/>
        <line num="43" count="1" type="cond" truecount="1" falsecount="1"/>
        <line num="45" count="2" type="stmt"/>
        <line num="49" count="25" type="stmt"/>
        <line num="50" count="5" type="stmt"/>
        <line num="53" count="25" type="stmt"/>
        <line num="59" count="1" type="stmt"/>
      </file>
      <file name="use-paginated-request.types.ts" path="/Users/localhost/studyspace/moviesapp/src/hooks/use-paginated-request/use-paginated-request.types.ts">
        <metrics statements="0" coveredstatements="0" conditionals="0" coveredconditionals="0" methods="0" coveredmethods="0"/>
      </file>
    </package>
    <package name="hooks.use-request">
      <metrics statements="15" coveredstatements="15" conditionals="0" coveredconditionals="0" methods="3" coveredmethods="3"/>
      <file name="use-request.hook.ts" path="/Users/localhost/studyspace/moviesapp/src/hooks/use-request/use-request.hook.ts">
        <metrics statements="15" coveredstatements="15" conditionals="0" coveredconditionals="0" methods="3" coveredmethods="3"/>
        <line num="5" count="1" type="stmt"/>
        <line num="6" count="15" type="stmt"/>
        <line num="7" count="15" type="stmt"/>
        <line num="8" count="15" type="stmt"/>
        <line num="10" count="15" type="stmt"/>
        <line num="11" count="4" type="stmt"/>
        <line num="12" count="4" type="stmt"/>
        <line num="13" count="4" type="stmt"/>
        <line num="14" count="1" type="stmt"/>
        <line num="16" count="3" type="stmt"/>
        <line num="17" count="3" type="stmt"/>
        <line num="19" count="4" type="stmt"/>
        <line num="23" count="15" type="stmt"/>
        <line num="24" count="3" type="stmt"/>
        <line num="27" count="15" type="stmt"/>
      </file>
    </package>
    <package name="utils">
      <metrics statements="1" coveredstatements="1" conditionals="0" coveredconditionals="0" methods="1" coveredmethods="1"/>
      <file name="jest.utils.tsx" path="/Users/localhost/studyspace/moviesapp/src/utils/jest.utils.tsx">
        <metrics statements="1" coveredstatements="1" conditionals="0" coveredconditionals="0" methods="1" coveredmethods="1"/>
        <line num="8" count="8" type="stmt"/>
      </file>
    </package>
  </project>
</coverage>
