{"/Users/localhost/studyspace/moviesapp/src/components/core/skeleton/skeleton.component.tsx": {"path":"/Users/localhost/studyspace/moviesapp/src/components/core/skeleton/skeleton.component.tsx","statementMap":{"0":{"start":{"line":11,"column":24},"end":{"line":55,"column":1}},"1":{"start":{"line":12,"column":16},"end":{"line":12,"column":26}},"2":{"start":{"line":13,"column":22},"end":{"line":13,"column":59}},"3":{"start":{"line":16,"column":21},"end":{"line":16,"column":52}},"4":{"start":{"line":17,"column":32},"end":{"line":17,"column":77}},"5":{"start":{"line":19,"column":4},"end":{"line":19,"column":64}},"6":{"start":{"line":22,"column":2},"end":{"line":37,"column":9}},"7":{"start":{"line":23,"column":26},"end":{"line":32,"column":5}},"8":{"start":{"line":34,"column":4},"end":{"line":34,"column":26}},"9":{"start":{"line":36,"column":4},"end":{"line":36,"column":30}},"10":{"start":{"line":39,"column":31},"end":{"line":42,"column":4}},"11":{"start":{"line":44,"column":2},"end":{"line":54,"column":4}}},"fnMap":{"0":{"name":"(anonymous_0)","decl":{"start":{"line":11,"column":24},"end":{"line":11,"column":25}},"loc":{"start":{"line":11,"column":64},"end":{"line":55,"column":1}},"line":11},"1":{"name":"getGradientColors","decl":{"start":{"line":15,"column":11},"end":{"line":15,"column":28}},"loc":{"start":{"line":15,"column":31},"end":{"line":20,"column":3}},"line":15},"2":{"name":"(anonymous_2)","decl":{"start":{"line":22,"column":12},"end":{"line":22,"column":13}},"loc":{"start":{"line":22,"column":18},"end":{"line":37,"column":3}},"line":22}},"branchMap":{},"s":{"0":1,"1":4,"2":4,"3":4,"4":4,"5":4,"6":4,"7":4,"8":4,"9":4,"10":4,"11":4},"f":{"0":4,"1":4,"2":4},"b":{},"_coverageSchema":"1a1c01bbd47fc00a2c39e90264f33305004495a9","hash":"db0627620b9caed1514292b79b2101aa7435aabb"}
,"/Users/localhost/studyspace/moviesapp/src/components/core/skeleton/skeleton.constants.ts": {"path":"/Users/localhost/studyspace/moviesapp/src/components/core/skeleton/skeleton.constants.ts","statementMap":{"0":{"start":{"line":1,"column":45},"end":{"line":1,"column":49}}},"fnMap":{},"branchMap":{},"s":{"0":1},"f":{},"b":{},"_coverageSchema":"1a1c01bbd47fc00a2c39e90264f33305004495a9","hash":"b903a49a11c69bee1038de500b02d6e24b4cd99f"}
,"/Users/localhost/studyspace/moviesapp/src/components/core/skeleton/skeleton.styles.ts": {"path":"/Users/localhost/studyspace/moviesapp/src/components/core/skeleton/skeleton.styles.ts","statementMap":{"0":{"start":{"line":9,"column":31},"end":{"line":9,"column":79}},"1":{"start":{"line":11,"column":31},"end":{"line":22,"column":1}},"2":{"start":{"line":14,"column":57},"end":{"line":21,"column":3}},"3":{"start":{"line":24,"column":32},"end":{"line":30,"column":1}}},"fnMap":{"0":{"name":"(anonymous_0)","decl":{"start":{"line":14,"column":2},"end":{"line":14,"column":3}},"loc":{"start":{"line":14,"column":57},"end":{"line":21,"column":3}},"line":14}},"branchMap":{"0":{"loc":{"start":{"line":18,"column":14},"end":{"line":18,"column":65}},"type":"cond-expr","locations":[{"start":{"line":18,"column":43},"end":{"line":18,"column":56}},{"start":{"line":18,"column":59},"end":{"line":18,"column":65}}],"line":18},"1":{"loc":{"start":{"line":19,"column":13},"end":{"line":19,"column":61}},"type":"cond-expr","locations":[{"start":{"line":19,"column":41},"end":{"line":19,"column":53}},{"start":{"line":19,"column":56},"end":{"line":19,"column":61}}],"line":19}},"s":{"0":1,"1":1,"2":4,"3":1},"f":{"0":4},"b":{"0":[3,1],"1":[3,1]},"_coverageSchema":"1a1c01bbd47fc00a2c39e90264f33305004495a9","hash":"e4fe5605124b82c98e13c0af6800c946f7b0c5c7"}
,"/Users/localhost/studyspace/moviesapp/src/config/theme/index.ts": {"path":"/Users/localhost/studyspace/moviesapp/src/config/theme/index.ts","statementMap":{},"fnMap":{},"branchMap":{},"s":{},"f":{},"b":{},"_coverageSchema":"1a1c01bbd47fc00a2c39e90264f33305004495a9","hash":"1fd8d071b6f941fb05c2a587b93f47e149488d4e"}
,"/Users/localhost/studyspace/moviesapp/src/config/theme/theme.ts": {"path":"/Users/localhost/studyspace/moviesapp/src/config/theme/theme.ts","statementMap":{"0":{"start":{"line":3,"column":30},"end":{"line":56,"column":1}}},"fnMap":{},"branchMap":{},"s":{"0":2},"f":{},"b":{},"_coverageSchema":"1a1c01bbd47fc00a2c39e90264f33305004495a9","hash":"7e231540c5d3622dc0bcca3a30249b1d3be3bb5f"}
,"/Users/localhost/studyspace/moviesapp/src/config/theme/theme.utils.ts": {"path":"/Users/localhost/studyspace/moviesapp/src/config/theme/theme.utils.ts","statementMap":{"0":{"start":{"line":12,"column":2},"end":{"line":14,"column":4}},"1":{"start":{"line":13,"column":4},"end":{"line":13,"column":41}},"2":{"start":{"line":18,"column":2},"end":{"line":42,"column":5}},"3":{"start":{"line":19,"column":4},"end":{"line":42,"column":5}},"4":{"start":{"line":20,"column":6},"end":{"line":28,"column":7}},"5":{"start":{"line":21,"column":43},"end":{"line":26,"column":36}},"6":{"start":{"line":27,"column":8},"end":{"line":27,"column":143}},"7":{"start":{"line":30,"column":6},"end":{"line":33,"column":7}},"8":{"start":{"line":31,"column":33},"end":{"line":31,"column":84}},"9":{"start":{"line":32,"column":8},"end":{"line":32,"column":108}},"10":{"start":{"line":35,"column":6},"end":{"line":38,"column":7}},"11":{"start":{"line":36,"column":23},"end":{"line":36,"column":66}},"12":{"start":{"line":37,"column":8},"end":{"line":37,"column":73}},"13":{"start":{"line":40,"column":22},"end":{"line":40,"column":28}},"14":{"start":{"line":41,"column":6},"end":{"line":41,"column":49}},"15":{"start":{"line":45,"column":2},"end":{"line":47,"column":4}},"16":{"start":{"line":46,"column":4},"end":{"line":46,"column":29}},"17":{"start":{"line":51,"column":2},"end":{"line":57,"column":4}},"18":{"start":{"line":52,"column":27},"end":{"line":54,"column":76}},"19":{"start":{"line":54,"column":51},"end":{"line":54,"column":61}},"20":{"start":{"line":56,"column":4},"end":{"line":56,"column":34}}},"fnMap":{"0":{"name":"getThemeFontSize","decl":{"start":{"line":11,"column":16},"end":{"line":11,"column":32}},"loc":{"start":{"line":11,"column":60},"end":{"line":15,"column":1}},"line":11},"1":{"name":"(anonymous_1)","decl":{"start":{"line":12,"column":9},"end":{"line":12,"column":10}},"loc":{"start":{"line":12,"column":52},"end":{"line":14,"column":3}},"line":12},"2":{"name":"(anonymous_2)","decl":{"start":{"line":18,"column":2},"end":{"line":18,"column":3}},"loc":{"start":{"line":19,"column":4},"end":{"line":42,"column":5}},"line":19},"3":{"name":"(anonymous_3)","decl":{"start":{"line":19,"column":4},"end":{"line":19,"column":5}},"loc":{"start":{"line":19,"column":19},"end":{"line":42,"column":5}},"line":19},"4":{"name":"getThemeFontFamily","decl":{"start":{"line":44,"column":16},"end":{"line":44,"column":34}},"loc":{"start":{"line":44,"column":62},"end":{"line":48,"column":1}},"line":44},"5":{"name":"(anonymous_5)","decl":{"start":{"line":45,"column":9},"end":{"line":45,"column":10}},"loc":{"start":{"line":45,"column":52},"end":{"line":47,"column":3}},"line":45},"6":{"name":"getThemeColor","decl":{"start":{"line":50,"column":16},"end":{"line":50,"column":29}},"loc":{"start":{"line":50,"column":54},"end":{"line":58,"column":1}},"line":50},"7":{"name":"(anonymous_7)","decl":{"start":{"line":51,"column":9},"end":{"line":51,"column":10}},"loc":{"start":{"line":51,"column":52},"end":{"line":57,"column":3}},"line":51},"8":{"name":"(anonymous_8)","decl":{"start":{"line":54,"column":14},"end":{"line":54,"column":15}},"loc":{"start":{"line":54,"column":51},"end":{"line":54,"column":61}},"line":54}},"branchMap":{"0":{"loc":{"start":{"line":20,"column":6},"end":{"line":28,"column":7}},"type":"if","locations":[{"start":{"line":20,"column":6},"end":{"line":28,"column":7}},{"start":{},"end":{}}],"line":20},"1":{"loc":{"start":{"line":30,"column":6},"end":{"line":33,"column":7}},"type":"if","locations":[{"start":{"line":30,"column":6},"end":{"line":33,"column":7}},{"start":{},"end":{}}],"line":30},"2":{"loc":{"start":{"line":35,"column":6},"end":{"line":38,"column":7}},"type":"if","locations":[{"start":{"line":35,"column":6},"end":{"line":38,"column":7}},{"start":{},"end":{}}],"line":35}},"s":{"0":1,"1":1,"2":2,"3":4,"4":4,"5":1,"6":1,"7":3,"8":1,"9":1,"10":2,"11":1,"12":1,"13":1,"14":1,"15":1,"16":1,"17":9,"18":9,"19":18,"20":9},"f":{"0":1,"1":1,"2":4,"3":4,"4":1,"5":1,"6":9,"7":9,"8":18},"b":{"0":[1,3],"1":[1,2],"2":[1,1]},"_coverageSchema":"1a1c01bbd47fc00a2c39e90264f33305004495a9","hash":"607a1051ba810ccb3439cf36aac7710f11521681"}
,"/Users/localhost/studyspace/moviesapp/src/hooks/use-request/use-request.hook.ts": {"path":"/Users/localhost/studyspace/moviesapp/src/hooks/use-request/use-request.hook.ts","statementMap":{"0":{"start":{"line":5,"column":26},"end":{"line":26,"column":1}},"1":{"start":{"line":6,"column":32},"end":{"line":6,"column":61}},"2":{"start":{"line":7,"column":26},"end":{"line":7,"column":89}},"3":{"start":{"line":9,"column":22},"end":{"line":19,"column":8}},"4":{"start":{"line":10,"column":4},"end":{"line":18,"column":5}},"5":{"start":{"line":11,"column":6},"end":{"line":11,"column":23}},"6":{"start":{"line":12,"column":19},"end":{"line":12,"column":34}},"7":{"start":{"line":13,"column":6},"end":{"line":13,"column":20}},"8":{"start":{"line":15,"column":6},"end":{"line":15,"column":20}},"9":{"start":{"line":17,"column":6},"end":{"line":17,"column":24}},"10":{"start":{"line":21,"column":2},"end":{"line":23,"column":9}},"11":{"start":{"line":22,"column":4},"end":{"line":22,"column":18}},"12":{"start":{"line":25,"column":2},"end":{"line":25,"column":47}}},"fnMap":{"0":{"name":"(anonymous_0)","decl":{"start":{"line":5,"column":26},"end":{"line":5,"column":27}},"loc":{"start":{"line":5,"column":53},"end":{"line":26,"column":1}},"line":5},"1":{"name":"(anonymous_1)","decl":{"start":{"line":9,"column":34},"end":{"line":9,"column":35}},"loc":{"start":{"line":9,"column":46},"end":{"line":19,"column":3}},"line":9},"2":{"name":"(anonymous_2)","decl":{"start":{"line":21,"column":18},"end":{"line":21,"column":19}},"loc":{"start":{"line":21,"column":24},"end":{"line":23,"column":3}},"line":21}},"branchMap":{},"s":{"0":1,"1":12,"2":12,"3":12,"4":4,"5":4,"6":4,"7":1,"8":3,"9":4,"10":12,"11":3,"12":12},"f":{"0":12,"1":4,"2":3},"b":{},"_coverageSchema":"1a1c01bbd47fc00a2c39e90264f33305004495a9","hash":"a71dda3199696f7eac2e62b0e7bb1861382a6774"}
,"/Users/localhost/studyspace/moviesapp/src/utils/jest.utils.tsx": {"path":"/Users/localhost/studyspace/moviesapp/src/utils/jest.utils.tsx","statementMap":{"0":{"start":{"line":8,"column":2},"end":{"line":8,"column":73}}},"fnMap":{"0":{"name":"renderWithTheme","decl":{"start":{"line":7,"column":16},"end":{"line":7,"column":31}},"loc":{"start":{"line":7,"column":59},"end":{"line":9,"column":1}},"line":7}},"branchMap":{},"s":{"0":8},"f":{"0":8},"b":{},"_coverageSchema":"1a1c01bbd47fc00a2c39e90264f33305004495a9","hash":"3b92b58eecbd6e28019d142cee39b473aaefe60f"}
}
