TN:
SF:src/components/core/skeleton/skeleton.component.tsx
FN:11,(anonymous_0)
FN:15,getGradientColors
FN:22,(anonymous_2)
FNF:3
FNH:3
FNDA:4,(anonymous_0)
FNDA:4,getGradientColors
FNDA:4,(anonymous_2)
DA:11,1
DA:12,4
DA:13,4
DA:16,4
DA:17,4
DA:19,4
DA:22,4
DA:23,4
DA:34,4
DA:36,4
DA:39,4
DA:44,4
LF:12
LH:12
BRF:0
BRH:0
end_of_record
TN:
SF:src/components/core/skeleton/skeleton.constants.ts
FNF:0
FNH:0
DA:1,1
LF:1
LH:1
BRF:0
BRH:0
end_of_record
TN:
SF:src/components/core/skeleton/skeleton.styles.ts
FN:14,(anonymous_0)
FNF:1
FNH:1
FNDA:4,(anonymous_0)
DA:9,1
DA:11,1
DA:14,4
DA:24,1
LF:4
LH:4
BRDA:18,0,0,3
BRDA:18,0,1,1
BRDA:19,1,0,3
BRDA:19,1,1,1
BRF:4
BRH:4
end_of_record
TN:
SF:src/config/theme/index.ts
FNF:0
FNH:0
LF:0
LH:0
BRF:0
BRH:0
end_of_record
TN:
SF:src/config/theme/theme.ts
FNF:0
FNH:0
DA:3,2
LF:1
LH:1
BRF:0
BRH:0
end_of_record
TN:
SF:src/config/theme/theme.utils.ts
FN:11,getThemeFontSize
FN:12,(anonymous_1)
FN:18,(anonymous_2)
FN:19,(anonymous_3)
FN:44,getThemeFontFamily
FN:45,(anonymous_5)
FN:50,getThemeColor
FN:51,(anonymous_7)
FN:54,(anonymous_8)
FNF:9
FNH:9
FNDA:1,getThemeFontSize
FNDA:1,(anonymous_1)
FNDA:4,(anonymous_2)
FNDA:4,(anonymous_3)
FNDA:1,getThemeFontFamily
FNDA:1,(anonymous_5)
FNDA:9,getThemeColor
FNDA:9,(anonymous_7)
FNDA:18,(anonymous_8)
DA:12,1
DA:13,1
DA:18,2
DA:19,4
DA:20,4
DA:21,1
DA:27,1
DA:30,3
DA:31,1
DA:32,1
DA:35,2
DA:36,1
DA:37,1
DA:40,1
DA:41,1
DA:45,1
DA:46,1
DA:51,9
DA:52,9
DA:54,18
DA:56,9
LF:21
LH:21
BRDA:20,0,0,1
BRDA:20,0,1,3
BRDA:30,1,0,1
BRDA:30,1,1,2
BRDA:35,2,0,1
BRDA:35,2,1,1
BRF:6
BRH:6
end_of_record
TN:
SF:src/hooks/use-paginated-request/use-paginated-request.hook.ts
FN:9,(anonymous_0)
FN:16,(anonymous_1)
FN:33,(anonymous_2)
FN:41,(anonymous_3)
FN:49,(anonymous_4)
FN:59,(anonymous_5)
FNF:6
FNH:6
FNDA:25,(anonymous_0)
FNDA:6,(anonymous_1)
FNDA:2,(anonymous_2)
FNDA:1,(anonymous_3)
FNDA:5,(anonymous_4)
FNDA:1,(anonymous_5)
DA:9,1
DA:10,25
DA:11,25
DA:12,25
DA:14,25
DA:16,25
DA:17,6
DA:19,6
DA:20,6
DA:21,6
DA:23,5
DA:24,5
DA:26,1
DA:27,1
DA:29,6
DA:33,25
DA:34,2
DA:36,2
DA:37,2
DA:38,2
DA:39,1
DA:41,1
DA:43,1
DA:45,2
DA:49,25
DA:50,5
DA:53,25
DA:59,1
LF:28
LH:28
BRDA:16,0,0,0
BRDA:17,1,0,1
BRDA:17,1,1,5
BRDA:26,2,0,1
BRDA:26,2,1,0
BRDA:34,3,0,0
BRDA:34,3,1,2
BRDA:41,4,0,1
BRDA:41,4,1,0
BRDA:43,5,0,1
BRDA:43,5,1,0
BRF:11
BRH:6
end_of_record
TN:
SF:src/hooks/use-paginated-request/use-paginated-request.types.ts
FNF:0
FNH:0
LF:0
LH:0
BRF:0
BRH:0
end_of_record
TN:
SF:src/hooks/use-request/use-request.hook.ts
FN:5,(anonymous_0)
FN:10,(anonymous_1)
FN:23,(anonymous_2)
FNF:3
FNH:3
FNDA:15,(anonymous_0)
FNDA:4,(anonymous_1)
FNDA:3,(anonymous_2)
DA:5,1
DA:6,15
DA:7,15
DA:8,15
DA:10,15
DA:11,4
DA:12,4
DA:13,4
DA:14,1
DA:16,3
DA:17,3
DA:19,4
DA:23,15
DA:24,3
DA:27,15
LF:15
LH:15
BRF:0
BRH:0
end_of_record
TN:
SF:src/utils/jest.utils.tsx
FN:7,renderWithTheme
FNF:1
FNH:1
FNDA:8,renderWithTheme
DA:8,8
LF:1
LH:1
BRF:0
BRH:0
end_of_record
